<?xml version="1.0" encoding="UTF-8"?>
<!-- Generated by org.testng.reporters.JUnitXMLReporter -->
<testsuite ignored="0" hostname="DESKTOP-AEIAP01" failures="0" tests="2" name="Default test" time="0.101" errors="0" timestamp="2022-05-28T21:23:49 IST">
  <testcase classname="testClass.TestClass" name="@BeforeTest launchBrowser" time="-1.65375322974E9">
    <failure type="org.testng.TestNGException" message="
Parameter &amp;apos;browserName&amp;apos; is required by BeforeTest on method launchBrowser but has not been marked @Optional or defined
in C:\Users\ZEAL INSTITUTE\AppData\Local\Temp\testng-eclipse--509149117\testng-customsuite.xml">
      <![CDATA[org.testng.TestNGException: 
Parameter 'browserName' is required by BeforeTest on method launchBrowser but has not been marked @Optional or defined
in C:\Users\ZEAL INSTITUTE\AppData\Local\Temp\testng-eclipse--509149117\testng-customsuite.xml
at org.testng.internal.Parameters.createParams(Parameters.java:270)
at org.testng.internal.Parameters.createParametersForMethod(Parameters.java:358)
at org.testng.internal.Parameters.createParameters(Parameters.java:700)
at org.testng.internal.Parameters.createConfigurationParameters(Parameters.java:168)
at org.testng.internal.ConfigInvoker.invokeConfigurations(ConfigInvoker.java:302)
at org.testng.TestRunner.invokeTestConfigurations(TestRunner.java:637)
at org.testng.TestRunner.beforeRun(TestRunner.java:627)
at org.testng.TestRunner.run(TestRunner.java:589)
at org.testng.SuiteRunner.runTest(SuiteRunner.java:377)
at org.testng.SuiteRunner.runSequentially(SuiteRunner.java:371)
at org.testng.SuiteRunner.privateRun(SuiteRunner.java:332)
at org.testng.SuiteRunner.run(SuiteRunner.java:276)
at org.testng.SuiteRunnerWorker.runSuite(SuiteRunnerWorker.java:53)
at org.testng.SuiteRunnerWorker.run(SuiteRunnerWorker.java:96)
at org.testng.TestNG.runSuitesSequentially(TestNG.java:1212)
at org.testng.TestNG.runSuitesLocally(TestNG.java:1134)
at org.testng.TestNG.runSuites(TestNG.java:1063)
at org.testng.TestNG.run(TestNG.java:1031)
at org.testng.remote.AbstractRemoteTestNG.run(AbstractRemoteTestNG.java:115)
at org.testng.remote.RemoteTestNG.initAndRun(RemoteTestNG.java:251)
at org.testng.remote.RemoteTestNG.main(RemoteTestNG.java:77)
]]>
    </failure>
  </testcase> <!-- @BeforeTest launchBrowser -->
  <testcase classname="testClass.TestClass" name="@BeforeClass createPOMObject" time="-1.653753229784E9">
    <skipped/>
  </testcase> <!-- @BeforeClass createPOMObject -->
  <testcase classname="testClass.TestClass" name="@BeforeMethod loginToApplication" time="-1.653753229813E9">
    <skipped/>
  </testcase> <!-- @BeforeMethod loginToApplication -->
  <testcase classname="testClass.TestClass" name="@AfterMethod logoutFromApplication" time="-1.653753229821E9">
    <skipped/>
  </testcase> <!-- @AfterMethod logoutFromApplication -->
  <testcase classname="testClass.TestClass" name="@BeforeMethod loginToApplication" time="-1.653753229824E9">
    <skipped/>
  </testcase> <!-- @BeforeMethod loginToApplication -->
  <testcase classname="testClass.TestClass" name="@AfterMethod logoutFromApplication" time="-1.653753229828E9">
    <skipped/>
  </testcase> <!-- @AfterMethod logoutFromApplication -->
  <testcase classname="testClass.TestClass" name="@AfterClass clearObject" time="-1.65375322983E9">
    <skipped/>
  </testcase> <!-- @AfterClass clearObject -->
  <testcase classname="testClass.TestClass" name="@AfterTest closeBrowser" time="-1.653753229834E9">
    <skipped/>
  </testcase> <!-- @AfterTest closeBrowser -->
  <testcase classname="testClass.TestClass" name="verifyReportsTab" time="0.0">
    <skipped/>
  </testcase> <!-- verifyReportsTab -->
  <testcase classname="testClass.TestClass" name="verifyTaskTab" time="0.0">
    <skipped/>
  </testcase> <!-- verifyTaskTab -->
</testsuite> <!-- Default test -->
